Active-HDL 13.0.376.8320 2023-01-30 20:42:42

Elaboration top modules:
Architecture                  behavior(tb_image_filter)


---------------------------------------------------------------------------------------------------------
Entity          | Architecture | Library        | Info | Compiler Version          | Compilation Options
---------------------------------------------------------------------------------------------------------
tb_image_filter | behavior     | images_in_fpga |      | 13.0.376.8320 (Windows64) | -dbg
RAM_block       | behavioral   | images_in_fpga |      | 13.0.376.8320 (Windows64) | -dbg
image_filter    | behavioral   | images_in_fpga |      | 13.0.376.8320 (Windows64) | -dbg
fifo            | behavioral   | images_in_fpga |      | 13.0.376.8320 (Windows64) | -dbg
kernel_mac      | behavioral   | images_in_fpga |      | 13.0.376.8320 (Windows64) | -dbg
---------------------------------------------------------------------------------------------------------

---------------------------------------------------------------------------------------------------------
VHDL Package                   | Library        | Info | Compiler Version          | Compilation Options
---------------------------------------------------------------------------------------------------------
standard                       | std            |      |                           | <unavailable>
TEXTIO                         | std            |      | 13.0.376.8320 (Windows64) |  -2019
std_logic_1164                 | ieee           |      | 13.0.376.8320 (Windows64) |  -2008
STD_LOGIC_TEXTIO               | ieee           |      | 13.0.376.8320 (Windows64) | <unavailable>
NUMERIC_STD                    | ieee           |      | 13.0.376.8320 (Windows64) |  -2008
std_logic_arith                | ieee           |      | 13.0.376.8320 (Windows64) | <unavailable>
STD_LOGIC_UNSIGNED             | ieee           |      | 13.0.376.8320 (Windows64) | <unavailable>
---------------------------------------------------------------------------------------------------------

---------------------------------------------------------------------------------------------------------
Library                        | Comment
---------------------------------------------------------------------------------------------------------
ieee                           | Standard IEEE packages library
images_in_fpga                 | None
std                            | Standard VHDL library
---------------------------------------------------------------------------------------------------------
