# ELBREAD: Elaboration process.
# ELBREAD: Elaboration time 0.0 [s].
acom -dbg -e 100 -work images_in_fpga -2002  $dsn/src/read_image_tb.vhd $dsn/src/read_image.vhd $dsn/src/binarization.vhd $dsn/src/fifo.vhd $dsn/src/tb_fifo.vhd $dsn/src/image_filter.vhd $dsn/src/kernel_multiply_adder.vhd $dsn/src/tb_image_filter.vhd $dsn/src/RAM_block.vhd $dsn/src/register.vhd
# File: D:/Documents/repos/Digital-Image-Processing/TPF_Wafer_Rotation/VHDL/images_in_fpga/src/read_image_tb.vhd
# Compile Entity "tb_read_image_vhdl"
# Compile Architecture "behavior" of Entity "tb_read_image_vhdl"
# File: D:/Documents/repos/Digital-Image-Processing/TPF_Wafer_Rotation/VHDL/images_in_fpga/src/read_image.vhd
# Compile Entity "read_image_VHDL"
# Compile Architecture "rtl" of Entity "read_image_VHDL"
# File: D:/Documents/repos/Digital-Image-Processing/TPF_Wafer_Rotation/VHDL/images_in_fpga/src/binarization.vhd
# Compile Entity "binarization"
# Compile Architecture "behavioral" of Entity "binarization"
# File: D:/Documents/repos/Digital-Image-Processing/TPF_Wafer_Rotation/VHDL/images_in_fpga/src/fifo.vhd
# Compile Entity "fifo"
# Compile Architecture "behavioral" of Entity "fifo"
# File: D:/Documents/repos/Digital-Image-Processing/TPF_Wafer_Rotation/VHDL/images_in_fpga/src/tb_fifo.vhd
# Compile Entity "tb_fifo"
# Compile Architecture "behavior" of Entity "tb_fifo"
# File: D:/Documents/repos/Digital-Image-Processing/TPF_Wafer_Rotation/VHDL/images_in_fpga/src/image_filter.vhd
# Compile Entity "image_filter"
# Compile Architecture "behavioral" of Entity "image_filter"
# File: D:/Documents/repos/Digital-Image-Processing/TPF_Wafer_Rotation/VHDL/images_in_fpga/src/kernel_multiply_adder.vhd
# Compile Entity "kernel_mac"
# Compile Architecture "behavioral" of Entity "kernel_mac"
# File: D:/Documents/repos/Digital-Image-Processing/TPF_Wafer_Rotation/VHDL/images_in_fpga/src/tb_image_filter.vhd
# Compile Entity "tb_image_filter"
# Compile Architecture "behavior" of Entity "tb_image_filter"
# File: D:/Documents/repos/Digital-Image-Processing/TPF_Wafer_Rotation/VHDL/images_in_fpga/src/RAM_block.vhd
# Compile Entity "RAM_block"
# Compile Architecture "behavioral" of Entity "RAM_block"
# File: D:/Documents/repos/Digital-Image-Processing/TPF_Wafer_Rotation/VHDL/images_in_fpga/src/register.vhd
# Compile Entity "reg"
# Compile Architecture "behavioral" of Entity "reg"
# Compile success 0 Errors 0 Warnings  Analysis time :  0.3 [s]
acom -dbg -e 100 -work images_in_fpga -2002  $dsn/src/read_image_tb.vhd $dsn/src/read_image.vhd $dsn/src/binarization.vhd $dsn/src/fifo.vhd $dsn/src/tb_fifo.vhd $dsn/src/image_filter.vhd $dsn/src/kernel_multiply_adder.vhd $dsn/src/tb_image_filter.vhd $dsn/src/RAM_block.vhd $dsn/src/register.vhd $dsn/src/erosion.vhd $dsn/src/dilation.vhd
# File: D:/Documents/repos/Digital-Image-Processing/TPF_Wafer_Rotation/VHDL/images_in_fpga/src/read_image_tb.vhd
# Compile Entity "tb_read_image_vhdl"
# Compile Architecture "behavior" of Entity "tb_read_image_vhdl"
# Warning: ELAB1_0026: read_image_tb.vhd : (69, 0): There is no default binding for component "binarization". (Port "clock" is not on the entity).
# File: D:/Documents/repos/Digital-Image-Processing/TPF_Wafer_Rotation/VHDL/images_in_fpga/src/read_image.vhd
# Compile Entity "read_image_VHDL"
# Compile Architecture "rtl" of Entity "read_image_VHDL"
# File: D:/Documents/repos/Digital-Image-Processing/TPF_Wafer_Rotation/VHDL/images_in_fpga/src/binarization.vhd
# Compile Entity "binarization"
# Compile Architecture "behavioral" of Entity "binarization"
# File: D:/Documents/repos/Digital-Image-Processing/TPF_Wafer_Rotation/VHDL/images_in_fpga/src/fifo.vhd
# Compile Entity "fifo"
# Compile Architecture "behavioral" of Entity "fifo"
# File: D:/Documents/repos/Digital-Image-Processing/TPF_Wafer_Rotation/VHDL/images_in_fpga/src/tb_fifo.vhd
# Compile Entity "tb_fifo"
# Compile Architecture "behavior" of Entity "tb_fifo"
# File: D:/Documents/repos/Digital-Image-Processing/TPF_Wafer_Rotation/VHDL/images_in_fpga/src/image_filter.vhd
# Compile Entity "image_filter"
# Compile Architecture "behavioral" of Entity "image_filter"
# File: D:/Documents/repos/Digital-Image-Processing/TPF_Wafer_Rotation/VHDL/images_in_fpga/src/kernel_multiply_adder.vhd
# Compile Entity "kernel_mac"
# Compile Architecture "behavioral" of Entity "kernel_mac"
# File: D:/Documents/repos/Digital-Image-Processing/TPF_Wafer_Rotation/VHDL/images_in_fpga/src/tb_image_filter.vhd
# Compile Entity "tb_image_filter"
# Compile Architecture "behavior" of Entity "tb_image_filter"
# File: D:/Documents/repos/Digital-Image-Processing/TPF_Wafer_Rotation/VHDL/images_in_fpga/src/RAM_block.vhd
# Compile Entity "RAM_block"
# Compile Architecture "behavioral" of Entity "RAM_block"
# File: D:/Documents/repos/Digital-Image-Processing/TPF_Wafer_Rotation/VHDL/images_in_fpga/src/register.vhd
# Compile Entity "reg"
# Compile Architecture "behavioral" of Entity "reg"
# File: D:/Documents/repos/Digital-Image-Processing/TPF_Wafer_Rotation/VHDL/images_in_fpga/src/erosion.vhd
# Compile Entity "erosion"
# Compile Architecture "behavioral" of Entity "erosion"
# Warning: DAGGEN_0002: erosion.vhd : (20, 0): Process has no effect - no sequential statements.
# File: D:/Documents/repos/Digital-Image-Processing/TPF_Wafer_Rotation/VHDL/images_in_fpga/src/dilation.vhd
# Compile Entity "dilation"
# Compile Architecture "behavioral" of Entity "dilation"
# Warning: DAGGEN_0002: dilation.vhd : (20, 0): Process has no effect - no sequential statements.
# Compile success 0 Errors 3 Warnings  Analysis time :  0.3 [s]
acom -dbg -e 100 -work images_in_fpga -2002  $dsn/src/tb_image_filter.vhd
# File: D:/Documents/repos/Digital-Image-Processing/TPF_Wafer_Rotation/VHDL/images_in_fpga/src/tb_image_filter.vhd
# Compile Entity "tb_image_filter"
# Compile Architecture "behavior" of Entity "tb_image_filter"
# Compile success 0 Errors 0 Warnings  Analysis time :  47.0 [ms]
acom -dbg -e 100 -work images_in_fpga -2002  $dsn/src/read_image_tb.vhd $dsn/src/read_image.vhd $dsn/src/binarization.vhd $dsn/src/fifo.vhd $dsn/src/tb_fifo.vhd $dsn/src/image_filter.vhd $dsn/src/kernel_multiply_adder.vhd $dsn/src/tb_image_filter.vhd $dsn/src/RAM_block.vhd $dsn/src/register.vhd $dsn/src/erosion.vhd $dsn/src/dilation.vhd
# File: D:/Documents/repos/Digital-Image-Processing/TPF_Wafer_Rotation/VHDL/images_in_fpga/src/read_image_tb.vhd
# Compile Entity "tb_read_image_vhdl"
# Compile Architecture "behavior" of Entity "tb_read_image_vhdl"
# File: D:/Documents/repos/Digital-Image-Processing/TPF_Wafer_Rotation/VHDL/images_in_fpga/src/read_image.vhd
# Compile Entity "read_image_VHDL"
# Compile Architecture "rtl" of Entity "read_image_VHDL"
# File: D:/Documents/repos/Digital-Image-Processing/TPF_Wafer_Rotation/VHDL/images_in_fpga/src/binarization.vhd
# Compile Entity "binarization"
# Compile Architecture "behavioral" of Entity "binarization"
# File: D:/Documents/repos/Digital-Image-Processing/TPF_Wafer_Rotation/VHDL/images_in_fpga/src/fifo.vhd
# Compile Entity "fifo"
# Compile Architecture "behavioral" of Entity "fifo"
# File: D:/Documents/repos/Digital-Image-Processing/TPF_Wafer_Rotation/VHDL/images_in_fpga/src/tb_fifo.vhd
# Compile Entity "tb_fifo"
# Compile Architecture "behavior" of Entity "tb_fifo"
# File: D:/Documents/repos/Digital-Image-Processing/TPF_Wafer_Rotation/VHDL/images_in_fpga/src/image_filter.vhd
# Compile Entity "image_filter"
# Compile Architecture "behavioral" of Entity "image_filter"
# File: D:/Documents/repos/Digital-Image-Processing/TPF_Wafer_Rotation/VHDL/images_in_fpga/src/kernel_multiply_adder.vhd
# Compile Entity "kernel_mac"
# Compile Architecture "behavioral" of Entity "kernel_mac"
# File: D:/Documents/repos/Digital-Image-Processing/TPF_Wafer_Rotation/VHDL/images_in_fpga/src/tb_image_filter.vhd
# Compile Entity "tb_image_filter"
# Compile Architecture "behavior" of Entity "tb_image_filter"
# File: D:/Documents/repos/Digital-Image-Processing/TPF_Wafer_Rotation/VHDL/images_in_fpga/src/RAM_block.vhd
# Compile Entity "RAM_block"
# Compile Architecture "behavioral" of Entity "RAM_block"
# File: D:/Documents/repos/Digital-Image-Processing/TPF_Wafer_Rotation/VHDL/images_in_fpga/src/register.vhd
# Compile Entity "reg"
# Compile Architecture "behavioral" of Entity "reg"
# File: D:/Documents/repos/Digital-Image-Processing/TPF_Wafer_Rotation/VHDL/images_in_fpga/src/erosion.vhd
# Compile Entity "erosion"
# Compile Architecture "behavioral" of Entity "erosion"
# Warning: DAGGEN_0002: erosion.vhd : (20, 0): Process has no effect - no sequential statements.
# File: D:/Documents/repos/Digital-Image-Processing/TPF_Wafer_Rotation/VHDL/images_in_fpga/src/dilation.vhd
# Compile Entity "dilation"
# Compile Architecture "behavioral" of Entity "dilation"
# Warning: DAGGEN_0002: dilation.vhd : (20, 0): Process has no effect - no sequential statements.
# Compile success 0 Errors 2 Warnings  Analysis time :  0.3 [s]
acom -dbg -e 100 -work images_in_fpga -2002  $dsn/src/read_image_tb.vhd $dsn/src/read_image.vhd $dsn/src/binarization.vhd $dsn/src/fifo.vhd $dsn/src/tb_fifo.vhd $dsn/src/image_filter.vhd $dsn/src/kernel_multiply_adder.vhd $dsn/src/tb_image_filter.vhd $dsn/src/RAM_block.vhd $dsn/src/register.vhd $dsn/src/erosion.vhd $dsn/src/dilation.vhd
# File: D:/Documents/repos/Digital-Image-Processing/TPF_Wafer_Rotation/VHDL/images_in_fpga/src/read_image_tb.vhd
# Compile Entity "tb_read_image_vhdl"
# Compile Architecture "behavior" of Entity "tb_read_image_vhdl"
# File: D:/Documents/repos/Digital-Image-Processing/TPF_Wafer_Rotation/VHDL/images_in_fpga/src/read_image.vhd
# Compile Entity "read_image_VHDL"
# Compile Architecture "rtl" of Entity "read_image_VHDL"
# File: D:/Documents/repos/Digital-Image-Processing/TPF_Wafer_Rotation/VHDL/images_in_fpga/src/binarization.vhd
# Compile Entity "binarization"
# Compile Architecture "behavioral" of Entity "binarization"
# File: D:/Documents/repos/Digital-Image-Processing/TPF_Wafer_Rotation/VHDL/images_in_fpga/src/fifo.vhd
# Compile Entity "fifo"
# Compile Architecture "behavioral" of Entity "fifo"
# File: D:/Documents/repos/Digital-Image-Processing/TPF_Wafer_Rotation/VHDL/images_in_fpga/src/tb_fifo.vhd
# Compile Entity "tb_fifo"
# Compile Architecture "behavior" of Entity "tb_fifo"
# File: D:/Documents/repos/Digital-Image-Processing/TPF_Wafer_Rotation/VHDL/images_in_fpga/src/image_filter.vhd
# Compile Entity "image_filter"
# Compile Architecture "behavioral" of Entity "image_filter"
# File: D:/Documents/repos/Digital-Image-Processing/TPF_Wafer_Rotation/VHDL/images_in_fpga/src/kernel_multiply_adder.vhd
# Compile Entity "kernel_mac"
# Compile Architecture "behavioral" of Entity "kernel_mac"
# File: D:/Documents/repos/Digital-Image-Processing/TPF_Wafer_Rotation/VHDL/images_in_fpga/src/tb_image_filter.vhd
# Compile Entity "tb_image_filter"
# Compile Architecture "behavior" of Entity "tb_image_filter"
# File: D:/Documents/repos/Digital-Image-Processing/TPF_Wafer_Rotation/VHDL/images_in_fpga/src/RAM_block.vhd
# Compile Entity "RAM_block"
# Compile Architecture "behavioral" of Entity "RAM_block"
# File: D:/Documents/repos/Digital-Image-Processing/TPF_Wafer_Rotation/VHDL/images_in_fpga/src/register.vhd
# Compile Entity "reg"
# Compile Architecture "behavioral" of Entity "reg"
# File: D:/Documents/repos/Digital-Image-Processing/TPF_Wafer_Rotation/VHDL/images_in_fpga/src/erosion.vhd
# Compile Entity "kernel_erosion"
# Compile Architecture "behavioral" of Entity "kernel_erosion"
# Error: COMP96_0019: erosion.vhd : (105, 3): Keyword 'end' expected.
# Error: COMP96_0015: erosion.vhd : (106, 6): ';' expected.
# Error: COMP96_0016: erosion.vhd : (106, 8): Design unit declaration expected.
# File: D:/Documents/repos/Digital-Image-Processing/TPF_Wafer_Rotation/VHDL/images_in_fpga/src/dilation.vhd
# Compile Entity "kernel_dilation"
# Compile Architecture "behavioral" of Entity "kernel_dilation"
# Error: COMP96_0019: dilation.vhd : (105, 3): Keyword 'end' expected.
# Error: COMP96_0015: dilation.vhd : (106, 6): ';' expected.
# Error: COMP96_0016: dilation.vhd : (106, 8): Design unit declaration expected.
# Compile failure 6 Errors 0 Warnings  Analysis time :  0.3 [s]
acom -dbg -e 100 -work images_in_fpga -2002  $dsn/src/read_image_tb.vhd $dsn/src/read_image.vhd $dsn/src/binarization.vhd $dsn/src/fifo.vhd $dsn/src/tb_fifo.vhd $dsn/src/image_filter.vhd $dsn/src/kernel_multiply_adder.vhd $dsn/src/tb_image_filter.vhd $dsn/src/RAM_block.vhd $dsn/src/register.vhd $dsn/src/erosion.vhd $dsn/src/dilation.vhd
# File: D:/Documents/repos/Digital-Image-Processing/TPF_Wafer_Rotation/VHDL/images_in_fpga/src/read_image_tb.vhd
# Compile Entity "tb_read_image_vhdl"
# Compile Architecture "behavior" of Entity "tb_read_image_vhdl"
# File: D:/Documents/repos/Digital-Image-Processing/TPF_Wafer_Rotation/VHDL/images_in_fpga/src/read_image.vhd
# Compile Entity "read_image_VHDL"
# Compile Architecture "rtl" of Entity "read_image_VHDL"
# File: D:/Documents/repos/Digital-Image-Processing/TPF_Wafer_Rotation/VHDL/images_in_fpga/src/binarization.vhd
# Compile Entity "binarization"
# Compile Architecture "behavioral" of Entity "binarization"
# File: D:/Documents/repos/Digital-Image-Processing/TPF_Wafer_Rotation/VHDL/images_in_fpga/src/fifo.vhd
# Compile Entity "fifo"
# Compile Architecture "behavioral" of Entity "fifo"
# File: D:/Documents/repos/Digital-Image-Processing/TPF_Wafer_Rotation/VHDL/images_in_fpga/src/tb_fifo.vhd
# Compile Entity "tb_fifo"
# Compile Architecture "behavior" of Entity "tb_fifo"
# File: D:/Documents/repos/Digital-Image-Processing/TPF_Wafer_Rotation/VHDL/images_in_fpga/src/image_filter.vhd
# Compile Entity "image_filter"
# Compile Architecture "behavioral" of Entity "image_filter"
# File: D:/Documents/repos/Digital-Image-Processing/TPF_Wafer_Rotation/VHDL/images_in_fpga/src/kernel_multiply_adder.vhd
# Compile Entity "kernel_mac"
# Compile Architecture "behavioral" of Entity "kernel_mac"
# File: D:/Documents/repos/Digital-Image-Processing/TPF_Wafer_Rotation/VHDL/images_in_fpga/src/tb_image_filter.vhd
# Compile Entity "tb_image_filter"
# Compile Architecture "behavior" of Entity "tb_image_filter"
# File: D:/Documents/repos/Digital-Image-Processing/TPF_Wafer_Rotation/VHDL/images_in_fpga/src/RAM_block.vhd
# Compile Entity "RAM_block"
# Compile Architecture "behavioral" of Entity "RAM_block"
# File: D:/Documents/repos/Digital-Image-Processing/TPF_Wafer_Rotation/VHDL/images_in_fpga/src/register.vhd
# Compile Entity "reg"
# Compile Architecture "behavioral" of Entity "reg"
# File: D:/Documents/repos/Digital-Image-Processing/TPF_Wafer_Rotation/VHDL/images_in_fpga/src/erosion.vhd
# Compile Entity "kernel_erosion"
# Compile Architecture "behavioral" of Entity "kernel_erosion"
# Error: COMP96_0078: erosion.vhd : (64, 43): Unknown identifier "kernel".
# Error: COMP96_0133: erosion.vhd : (64, 43): Cannot find object declaration.
# Error: COMP96_0289: erosion.vhd : (64, 43): Prefix of index must be an array.
# Error: COMP96_0077: erosion.vhd : (64, 14): Undefined type of expression. Expected type 'INTEGER'.
# Error: COMP96_0078: erosion.vhd : (65, 43): Unknown identifier "kernel".
# Error: COMP96_0133: erosion.vhd : (65, 43): Cannot find object declaration.
# Error: COMP96_0289: erosion.vhd : (65, 43): Prefix of index must be an array.
# Error: COMP96_0077: erosion.vhd : (65, 14): Undefined type of expression. Expected type 'INTEGER'.
# Error: COMP96_0078: erosion.vhd : (66, 43): Unknown identifier "kernel".
# Error: COMP96_0133: erosion.vhd : (66, 43): Cannot find object declaration.
# Error: COMP96_0289: erosion.vhd : (66, 43): Prefix of index must be an array.
# Error: COMP96_0077: erosion.vhd : (66, 14): Undefined type of expression. Expected type 'INTEGER'.
# Error: COMP96_0078: erosion.vhd : (67, 43): Unknown identifier "kernel".
# Error: COMP96_0133: erosion.vhd : (67, 43): Cannot find object declaration.
# Error: COMP96_0289: erosion.vhd : (67, 43): Prefix of index must be an array.
# Error: COMP96_0077: erosion.vhd : (67, 14): Undefined type of expression. Expected type 'INTEGER'.
# Error: COMP96_0078: erosion.vhd : (68, 43): Unknown identifier "kernel".
# Error: COMP96_0133: erosion.vhd : (68, 43): Cannot find object declaration.
# Error: COMP96_0289: erosion.vhd : (68, 43): Prefix of index must be an array.
# Error: COMP96_0077: erosion.vhd : (68, 14): Undefined type of expression. Expected type 'INTEGER'.
# Error: COMP96_0078: erosion.vhd : (69, 43): Unknown identifier "kernel".
# Error: COMP96_0133: erosion.vhd : (69, 43): Cannot find object declaration.
# Error: COMP96_0289: erosion.vhd : (69, 43): Prefix of index must be an array.
# Error: COMP96_0077: erosion.vhd : (69, 14): Undefined type of expression. Expected type 'INTEGER'.
# Error: COMP96_0078: erosion.vhd : (70, 43): Unknown identifier "kernel".
# Error: COMP96_0133: erosion.vhd : (70, 43): Cannot find object declaration.
# Error: COMP96_0289: erosion.vhd : (70, 43): Prefix of index must be an array.
# Error: COMP96_0077: erosion.vhd : (70, 14): Undefined type of expression. Expected type 'INTEGER'.
# Error: COMP96_0078: erosion.vhd : (71, 43): Unknown identifier "kernel".
# Error: COMP96_0133: erosion.vhd : (71, 43): Cannot find object declaration.
# Error: COMP96_0289: erosion.vhd : (71, 43): Prefix of index must be an array.
# Error: COMP96_0077: erosion.vhd : (71, 14): Undefined type of expression. Expected type 'INTEGER'.
# Error: COMP96_0078: erosion.vhd : (72, 43): Unknown identifier "kernel".
# Error: COMP96_0133: erosion.vhd : (72, 43): Cannot find object declaration.
# Error: COMP96_0289: erosion.vhd : (72, 43): Prefix of index must be an array.
# Error: COMP96_0077: erosion.vhd : (72, 14): Undefined type of expression. Expected type 'INTEGER'.
# File: D:/Documents/repos/Digital-Image-Processing/TPF_Wafer_Rotation/VHDL/images_in_fpga/src/dilation.vhd
# Compile Entity "kernel_dilation"
# Compile Architecture "behavioral" of Entity "kernel_dilation"
# Error: COMP96_0078: dilation.vhd : (64, 43): Unknown identifier "kernel".
# Error: COMP96_0133: dilation.vhd : (64, 43): Cannot find object declaration.
# Error: COMP96_0289: dilation.vhd : (64, 43): Prefix of index must be an array.
# Error: COMP96_0077: dilation.vhd : (64, 14): Undefined type of expression. Expected type 'INTEGER'.
# Error: COMP96_0078: dilation.vhd : (65, 43): Unknown identifier "kernel".
# Error: COMP96_0133: dilation.vhd : (65, 43): Cannot find object declaration.
# Error: COMP96_0289: dilation.vhd : (65, 43): Prefix of index must be an array.
# Error: COMP96_0077: dilation.vhd : (65, 14): Undefined type of expression. Expected type 'INTEGER'.
# Error: COMP96_0078: dilation.vhd : (66, 43): Unknown identifier "kernel".
# Error: COMP96_0133: dilation.vhd : (66, 43): Cannot find object declaration.
# Error: COMP96_0289: dilation.vhd : (66, 43): Prefix of index must be an array.
# Error: COMP96_0077: dilation.vhd : (66, 14): Undefined type of expression. Expected type 'INTEGER'.
# Error: COMP96_0078: dilation.vhd : (67, 43): Unknown identifier "kernel".
# Error: COMP96_0133: dilation.vhd : (67, 43): Cannot find object declaration.
# Error: COMP96_0289: dilation.vhd : (67, 43): Prefix of index must be an array.
# Error: COMP96_0077: dilation.vhd : (67, 14): Undefined type of expression. Expected type 'INTEGER'.
# Error: COMP96_0078: dilation.vhd : (68, 43): Unknown identifier "kernel".
# Error: COMP96_0133: dilation.vhd : (68, 43): Cannot find object declaration.
# Error: COMP96_0289: dilation.vhd : (68, 43): Prefix of index must be an array.
# Error: COMP96_0077: dilation.vhd : (68, 14): Undefined type of expression. Expected type 'INTEGER'.
# Error: COMP96_0078: dilation.vhd : (69, 43): Unknown identifier "kernel".
# Error: COMP96_0133: dilation.vhd : (69, 43): Cannot find object declaration.
# Error: COMP96_0289: dilation.vhd : (69, 43): Prefix of index must be an array.
# Error: COMP96_0077: dilation.vhd : (69, 14): Undefined type of expression. Expected type 'INTEGER'.
# Error: COMP96_0078: dilation.vhd : (70, 43): Unknown identifier "kernel".
# Error: COMP96_0133: dilation.vhd : (70, 43): Cannot find object declaration.
# Error: COMP96_0289: dilation.vhd : (70, 43): Prefix of index must be an array.
# Error: COMP96_0077: dilation.vhd : (70, 14): Undefined type of expression. Expected type 'INTEGER'.
# Error: COMP96_0078: dilation.vhd : (71, 43): Unknown identifier "kernel".
# Error: COMP96_0133: dilation.vhd : (71, 43): Cannot find object declaration.
# Error: COMP96_0289: dilation.vhd : (71, 43): Prefix of index must be an array.
# Error: COMP96_0077: dilation.vhd : (71, 14): Undefined type of expression. Expected type 'INTEGER'.
# Error: COMP96_0078: dilation.vhd : (72, 43): Unknown identifier "kernel".
# Error: COMP96_0133: dilation.vhd : (72, 43): Cannot find object declaration.
# Error: COMP96_0289: dilation.vhd : (72, 43): Prefix of index must be an array.
# Error: COMP96_0077: dilation.vhd : (72, 14): Undefined type of expression. Expected type 'INTEGER'.
# Compile failure 72 Errors 0 Warnings  Analysis time :  0.3 [s]
acom -dbg -e 100 -work images_in_fpga -2002  $dsn/src/read_image_tb.vhd $dsn/src/read_image.vhd $dsn/src/binarization.vhd $dsn/src/fifo.vhd $dsn/src/tb_fifo.vhd $dsn/src/image_filter.vhd $dsn/src/kernel_multiply_adder.vhd $dsn/src/tb_image_filter.vhd $dsn/src/RAM_block.vhd $dsn/src/register.vhd $dsn/src/erosion.vhd $dsn/src/dilation.vhd
# File: D:/Documents/repos/Digital-Image-Processing/TPF_Wafer_Rotation/VHDL/images_in_fpga/src/read_image_tb.vhd
# Compile Entity "tb_read_image_vhdl"
# Compile Architecture "behavior" of Entity "tb_read_image_vhdl"
# File: D:/Documents/repos/Digital-Image-Processing/TPF_Wafer_Rotation/VHDL/images_in_fpga/src/read_image.vhd
# Compile Entity "read_image_VHDL"
# Compile Architecture "rtl" of Entity "read_image_VHDL"
# File: D:/Documents/repos/Digital-Image-Processing/TPF_Wafer_Rotation/VHDL/images_in_fpga/src/binarization.vhd
# Compile Entity "binarization"
# Compile Architecture "behavioral" of Entity "binarization"
# File: D:/Documents/repos/Digital-Image-Processing/TPF_Wafer_Rotation/VHDL/images_in_fpga/src/fifo.vhd
# Compile Entity "fifo"
# Compile Architecture "behavioral" of Entity "fifo"
# File: D:/Documents/repos/Digital-Image-Processing/TPF_Wafer_Rotation/VHDL/images_in_fpga/src/tb_fifo.vhd
# Compile Entity "tb_fifo"
# Compile Architecture "behavior" of Entity "tb_fifo"
# File: D:/Documents/repos/Digital-Image-Processing/TPF_Wafer_Rotation/VHDL/images_in_fpga/src/image_filter.vhd
# Compile Entity "image_filter"
# Compile Architecture "behavioral" of Entity "image_filter"
# File: D:/Documents/repos/Digital-Image-Processing/TPF_Wafer_Rotation/VHDL/images_in_fpga/src/kernel_multiply_adder.vhd
# Compile Entity "kernel_mac"
# Compile Architecture "behavioral" of Entity "kernel_mac"
# File: D:/Documents/repos/Digital-Image-Processing/TPF_Wafer_Rotation/VHDL/images_in_fpga/src/tb_image_filter.vhd
# Compile Entity "tb_image_filter"
# Compile Architecture "behavior" of Entity "tb_image_filter"
# File: D:/Documents/repos/Digital-Image-Processing/TPF_Wafer_Rotation/VHDL/images_in_fpga/src/RAM_block.vhd
# Compile Entity "RAM_block"
# Compile Architecture "behavioral" of Entity "RAM_block"
# File: D:/Documents/repos/Digital-Image-Processing/TPF_Wafer_Rotation/VHDL/images_in_fpga/src/register.vhd
# Compile Entity "reg"
# Compile Architecture "behavioral" of Entity "reg"
# File: D:/Documents/repos/Digital-Image-Processing/TPF_Wafer_Rotation/VHDL/images_in_fpga/src/erosion.vhd
# Compile Entity "kernel_erosion"
# Compile Architecture "behavioral" of Entity "kernel_erosion"
# File: D:/Documents/repos/Digital-Image-Processing/TPF_Wafer_Rotation/VHDL/images_in_fpga/src/dilation.vhd
# Compile Entity "kernel_dilation"
# Compile Architecture "behavioral" of Entity "kernel_dilation"
# Compile success 0 Errors 0 Warnings  Analysis time :  0.3 [s]
acom -dbg -e 100 -work images_in_fpga -2002  $dsn/src/read_image_tb.vhd $dsn/src/read_image.vhd $dsn/src/binarization.vhd $dsn/src/fifo.vhd $dsn/src/tb_fifo.vhd $dsn/src/image_filter.vhd $dsn/src/kernel_multiply_adder.vhd $dsn/src/tb_image_filter.vhd $dsn/src/RAM_block.vhd $dsn/src/register.vhd $dsn/src/erosion.vhd $dsn/src/dilation.vhd
# File: D:/Documents/repos/Digital-Image-Processing/TPF_Wafer_Rotation/VHDL/images_in_fpga/src/read_image_tb.vhd
# Compile Entity "tb_read_image_vhdl"
# Compile Architecture "behavior" of Entity "tb_read_image_vhdl"
# File: D:/Documents/repos/Digital-Image-Processing/TPF_Wafer_Rotation/VHDL/images_in_fpga/src/read_image.vhd
# Compile Entity "read_image_VHDL"
# Compile Architecture "rtl" of Entity "read_image_VHDL"
# File: D:/Documents/repos/